This file contains any messages produced by compilers while
running configure, to aid debugging if configure makes a mistake.

It was created by widae configure 1.0, which was
generated by GNU Autoconf 2.69.  Invocation command line was

  $ ./configure 

## --------- ##
## Platform. ##
## --------- ##

hostname = master
uname -m = x86_64
uname -r = 3.16.0-30-generic
uname -s = Linux
uname -v = #40~14.04.1-Ubuntu SMP Thu Jan 15 17:43:14 UTC 2015

/usr/bin/uname -p = unknown
/bin/uname -X     = unknown

/bin/arch              = unknown
/usr/bin/arch -k       = unknown
/usr/convex/getsysinfo = unknown
/usr/bin/hostinfo      = unknown
/bin/machine           = unknown
/usr/bin/oslevel       = unknown
/bin/universe          = unknown

PATH: /usr/local/sbin
PATH: /usr/local/bin
PATH: /usr/sbin
PATH: /usr/bin
PATH: /sbin
PATH: /bin


## ----------- ##
## Core tests. ##
## ----------- ##

configure:2373: checking for a BSD-compatible install
configure:2441: result: /usr/bin/install -c
configure:2452: checking whether build environment is sane
configure:2507: result: yes
configure:2658: checking for a thread-safe mkdir -p
configure:2697: result: /bin/mkdir -p
configure:2704: checking for gawk
configure:2734: result: no
configure:2704: checking for mawk
configure:2720: found /usr/bin/mawk
configure:2731: result: mawk
configure:2742: checking whether make sets $(MAKE)
configure:2764: result: yes
configure:2793: checking whether make supports nested variables
configure:2810: result: yes
configure:2989: checking for gcc
configure:3005: found /usr/bin/gcc
configure:3016: result: gcc
configure:3245: checking for C compiler version
configure:3254: gcc --version >&5
gcc (Ubuntu 4.8.2-19ubuntu1) 4.8.2
Copyright (C) 2013 Free Software Foundation, Inc.
This is free software; see the source for copying conditions.  There is NO
warranty; not even for MERCHANTABILITY or FITNESS FOR A PARTICULAR PURPOSE.

configure:3265: $? = 0
configure:3254: gcc -v >&5
Using built-in specs.
COLLECT_GCC=gcc
COLLECT_LTO_WRAPPER=/usr/lib/gcc/x86_64-linux-gnu/4.8/lto-wrapper
Target: x86_64-linux-gnu
Configured with: ../src/configure -v --with-pkgversion='Ubuntu 4.8.2-19ubuntu1' --with-bugurl=file:///usr/share/doc/gcc-4.8/README.Bugs --enable-languages=c,c++,java,go,d,fortran,objc,obj-c++ --prefix=/usr --program-suffix=-4.8 --enable-shared --enable-linker-build-id --libexecdir=/usr/lib --without-included-gettext --enable-threads=posix --with-gxx-include-dir=/usr/include/c++/4.8 --libdir=/usr/lib --enable-nls --with-sysroot=/ --enable-clocale=gnu --enable-libstdcxx-debug --enable-libstdcxx-time=yes --enable-gnu-unique-object --disable-libmudflap --enable-plugin --with-system-zlib --disable-browser-plugin --enable-java-awt=gtk --enable-gtk-cairo --with-java-home=/usr/lib/jvm/java-1.5.0-gcj-4.8-amd64/jre --enable-java-home --with-jvm-root-dir=/usr/lib/jvm/java-1.5.0-gcj-4.8-amd64 --with-jvm-jar-dir=/usr/lib/jvm-exports/java-1.5.0-gcj-4.8-amd64 --with-arch-directory=amd64 --with-ecj-jar=/usr/share/java/eclipse-ecj.jar --enable-objc-gc --enable-multiarch --disable-werror --with-arch-32=i686 --with-abi=m64 --with-multilib-list=m32,m64,mx32 --with-tune=generic --enable-checking=release --build=x86_64-linux-gnu --host=x86_64-linux-gnu --target=x86_64-linux-gnu
Thread model: posix
gcc version 4.8.2 (Ubuntu 4.8.2-19ubuntu1) 
configure:3265: $? = 0
configure:3254: gcc -V >&5
gcc: error: unrecognized command line option '-V'
gcc: fatal error: no input files
compilation terminated.
configure:3265: $? = 4
configure:3254: gcc -qversion >&5
gcc: error: unrecognized command line option '-qversion'
gcc: fatal error: no input files
compilation terminated.
configure:3265: $? = 4
configure:3285: checking whether the C compiler works
configure:3307: gcc    conftest.c  >&5
configure:3311: $? = 0
configure:3359: result: yes
configure:3362: checking for C compiler default output file name
configure:3364: result: a.out
configure:3370: checking for suffix of executables
configure:3377: gcc -o conftest    conftest.c  >&5
configure:3381: $? = 0
configure:3403: result: 
configure:3425: checking whether we are cross compiling
configure:3433: gcc -o conftest    conftest.c  >&5
configure:3437: $? = 0
configure:3444: ./conftest
configure:3448: $? = 0
configure:3463: result: no
configure:3468: checking for suffix of object files
configure:3490: gcc -c   conftest.c >&5
configure:3494: $? = 0
configure:3515: result: o
configure:3519: checking whether we are using the GNU C compiler
configure:3538: gcc -c   conftest.c >&5
configure:3538: $? = 0
configure:3547: result: yes
configure:3556: checking whether gcc accepts -g
configure:3576: gcc -c -g  conftest.c >&5
configure:3576: $? = 0
configure:3617: result: yes
configure:3634: checking for gcc option to accept ISO C89
configure:3697: gcc  -c -g -O2  conftest.c >&5
configure:3697: $? = 0
configure:3710: result: none needed
configure:3735: checking whether gcc understands -c and -o together
configure:3757: gcc -c conftest.c -o conftest2.o
configure:3760: $? = 0
configure:3757: gcc -c conftest.c -o conftest2.o
configure:3760: $? = 0
configure:3772: result: yes
configure:3800: checking for style of include used by make
configure:3828: result: GNU
configure:3854: checking dependency style of gcc
configure:3965: result: gcc3
configure:3990: checking how to run the C preprocessor
configure:4021: gcc -E  conftest.c
configure:4021: $? = 0
configure:4035: gcc -E  conftest.c
conftest.c:11:28: fatal error: ac_nonexistent.h: No such file or directory
 #include <ac_nonexistent.h>
                            ^
compilation terminated.
configure:4035: $? = 1
configure: failed program was:
| /* confdefs.h */
| #define PACKAGE_NAME "widae"
| #define PACKAGE_TARNAME "widae"
| #define PACKAGE_VERSION "1.0"
| #define PACKAGE_STRING "widae 1.0"
| #define PACKAGE_BUGREPORT "lb.widae@gmail.com"
| #define PACKAGE_URL ""
| #define PACKAGE "widae"
| #define VERSION "1.0"
| /* end confdefs.h.  */
| #include <ac_nonexistent.h>
configure:4060: result: gcc -E
configure:4080: gcc -E  conftest.c
configure:4080: $? = 0
configure:4094: gcc -E  conftest.c
conftest.c:11:28: fatal error: ac_nonexistent.h: No such file or directory
 #include <ac_nonexistent.h>
                            ^
compilation terminated.
configure:4094: $? = 1
configure: failed program was:
| /* confdefs.h */
| #define PACKAGE_NAME "widae"
| #define PACKAGE_TARNAME "widae"
| #define PACKAGE_VERSION "1.0"
| #define PACKAGE_STRING "widae 1.0"
| #define PACKAGE_BUGREPORT "lb.widae@gmail.com"
| #define PACKAGE_URL ""
| #define PACKAGE "widae"
| #define VERSION "1.0"
| /* end confdefs.h.  */
| #include <ac_nonexistent.h>
configure:4123: checking for grep that handles long lines and -e
configure:4181: result: /bin/grep
configure:4186: checking for egrep
configure:4248: result: /bin/grep -E
configure:4253: checking for ANSI C header files
configure:4273: gcc -c -g -O2  conftest.c >&5
configure:4273: $? = 0
configure:4346: gcc -o conftest -g -O2   conftest.c  >&5
configure:4346: $? = 0
configure:4346: ./conftest
configure:4346: $? = 0
configure:4357: result: yes
configure:4370: checking for sys/types.h
configure:4370: gcc -c -g -O2  conftest.c >&5
configure:4370: $? = 0
configure:4370: result: yes
configure:4370: checking for sys/stat.h
configure:4370: gcc -c -g -O2  conftest.c >&5
configure:4370: $? = 0
configure:4370: result: yes
configure:4370: checking for stdlib.h
configure:4370: gcc -c -g -O2  conftest.c >&5
configure:4370: $? = 0
configure:4370: result: yes
configure:4370: checking for string.h
configure:4370: gcc -c -g -O2  conftest.c >&5
configure:4370: $? = 0
configure:4370: result: yes
configure:4370: checking for memory.h
configure:4370: gcc -c -g -O2  conftest.c >&5
configure:4370: $? = 0
configure:4370: result: yes
configure:4370: checking for strings.h
configure:4370: gcc -c -g -O2  conftest.c >&5
configure:4370: $? = 0
configure:4370: result: yes
configure:4370: checking for inttypes.h
configure:4370: gcc -c -g -O2  conftest.c >&5
configure:4370: $? = 0
configure:4370: result: yes
configure:4370: checking for stdint.h
configure:4370: gcc -c -g -O2  conftest.c >&5
configure:4370: $? = 0
configure:4370: result: yes
configure:4370: checking for unistd.h
configure:4370: gcc -c -g -O2  conftest.c >&5
configure:4370: $? = 0
configure:4370: result: yes
configure:4382: checking for size_t
configure:4382: gcc -c -g -O2  conftest.c >&5
configure:4382: $? = 0
configure:4382: gcc -c -g -O2  conftest.c >&5
conftest.c: In function 'main':
conftest.c:57:21: error: expected expression before ')' token
 if (sizeof ((size_t)))
                     ^
configure:4382: $? = 1
configure: failed program was:
| /* confdefs.h */
| #define PACKAGE_NAME "widae"
| #define PACKAGE_TARNAME "widae"
| #define PACKAGE_VERSION "1.0"
| #define PACKAGE_STRING "widae 1.0"
| #define PACKAGE_BUGREPORT "lb.widae@gmail.com"
| #define PACKAGE_URL ""
| #define PACKAGE "widae"
| #define VERSION "1.0"
| #define STDC_HEADERS 1
| #define HAVE_SYS_TYPES_H 1
| #define HAVE_SYS_STAT_H 1
| #define HAVE_STDLIB_H 1
| #define HAVE_STRING_H 1
| #define HAVE_MEMORY_H 1
| #define HAVE_STRINGS_H 1
| #define HAVE_INTTYPES_H 1
| #define HAVE_STDINT_H 1
| #define HAVE_UNISTD_H 1
| /* end confdefs.h.  */
| #include <stdio.h>
| #ifdef HAVE_SYS_TYPES_H
| # include <sys/types.h>
| #endif
| #ifdef HAVE_SYS_STAT_H
| # include <sys/stat.h>
| #endif
| #ifdef STDC_HEADERS
| # include <stdlib.h>
| # include <stddef.h>
| #else
| # ifdef HAVE_STDLIB_H
| #  include <stdlib.h>
| # endif
| #endif
| #ifdef HAVE_STRING_H
| # if !defined STDC_HEADERS && defined HAVE_MEMORY_H
| #  include <memory.h>
| # endif
| # include <string.h>
| #endif
| #ifdef HAVE_STRINGS_H
| # include <strings.h>
| #endif
| #ifdef HAVE_INTTYPES_H
| # include <inttypes.h>
| #endif
| #ifdef HAVE_STDINT_H
| # include <stdint.h>
| #endif
| #ifdef HAVE_UNISTD_H
| # include <unistd.h>
| #endif
| int
| main ()
| {
| if (sizeof ((size_t)))
| 	    return 0;
|   ;
|   return 0;
| }
configure:4382: result: yes
configure:4395: checking for working alloca.h
configure:4412: gcc -o conftest -g -O2   conftest.c  >&5
configure:4412: $? = 0
configure:4420: result: yes
configure:4428: checking for alloca
configure:4465: gcc -o conftest -g -O2   conftest.c  >&5
configure:4465: $? = 0
configure:4473: result: yes
configure:4582: checking for inttypes.h
configure:4582: result: yes
configure:4582: checking stddef.h usability
configure:4582: gcc -c -g -O2  conftest.c >&5
configure:4582: $? = 0
configure:4582: result: yes
configure:4582: checking stddef.h presence
configure:4582: gcc -E  conftest.c
configure:4582: $? = 0
configure:4582: result: yes
configure:4582: checking for stddef.h
configure:4582: result: yes
configure:4582: checking for stdlib.h
configure:4582: result: yes
configure:4582: checking for string.h
configure:4582: result: yes
configure:4582: checking for unistd.h
configure:4582: result: yes
configure:4594: checking for int16_t
configure:4594: gcc -c -g -O2  conftest.c >&5
configure:4594: $? = 0
configure:4594: gcc -c -g -O2  conftest.c >&5
conftest.c: In function 'main':
conftest.c:65:12: error: size of array 'test_array' is negative
 static int test_array [1 - 2 * !((int16_t) (((((int16_t) 1 << N) << N) - 1) * 2 + 1)
            ^
configure:4594: $? = 1
configure: failed program was:
| /* confdefs.h */
| #define PACKAGE_NAME "widae"
| #define PACKAGE_TARNAME "widae"
| #define PACKAGE_VERSION "1.0"
| #define PACKAGE_STRING "widae 1.0"
| #define PACKAGE_BUGREPORT "lb.widae@gmail.com"
| #define PACKAGE_URL ""
| #define PACKAGE "widae"
| #define VERSION "1.0"
| #define STDC_HEADERS 1
| #define HAVE_SYS_TYPES_H 1
| #define HAVE_SYS_STAT_H 1
| #define HAVE_STDLIB_H 1
| #define HAVE_STRING_H 1
| #define HAVE_MEMORY_H 1
| #define HAVE_STRINGS_H 1
| #define HAVE_INTTYPES_H 1
| #define HAVE_STDINT_H 1
| #define HAVE_UNISTD_H 1
| #define HAVE_ALLOCA_H 1
| #define HAVE_ALLOCA 1
| #define HAVE_INTTYPES_H 1
| #define HAVE_STDDEF_H 1
| #define HAVE_STDLIB_H 1
| #define HAVE_STRING_H 1
| #define HAVE_UNISTD_H 1
| /* end confdefs.h.  */
| #include <stdio.h>
| #ifdef HAVE_SYS_TYPES_H
| # include <sys/types.h>
| #endif
| #ifdef HAVE_SYS_STAT_H
| # include <sys/stat.h>
| #endif
| #ifdef STDC_HEADERS
| # include <stdlib.h>
| # include <stddef.h>
| #else
| # ifdef HAVE_STDLIB_H
| #  include <stdlib.h>
| # endif
| #endif
| #ifdef HAVE_STRING_H
| # if !defined STDC_HEADERS && defined HAVE_MEMORY_H
| #  include <memory.h>
| # endif
| # include <string.h>
| #endif
| #ifdef HAVE_STRINGS_H
| # include <strings.h>
| #endif
| #ifdef HAVE_INTTYPES_H
| # include <inttypes.h>
| #endif
| #ifdef HAVE_STDINT_H
| # include <stdint.h>
| #endif
| #ifdef HAVE_UNISTD_H
| # include <unistd.h>
| #endif
| 	        enum { N = 16 / 2 - 1 };
| int
| main ()
| {
| static int test_array [1 - 2 * !((int16_t) (((((int16_t) 1 << N) << N) - 1) * 2 + 1)
| 		 < (int16_t) (((((int16_t) 1 << N) << N) - 1) * 2 + 2))];
| test_array [0] = 0;
| return test_array [0];
| 
|   ;
|   return 0;
| }
configure:4594: result: yes
configure:4605: checking for int32_t
configure:4605: gcc -c -g -O2  conftest.c >&5
configure:4605: $? = 0
configure:4605: gcc -c -g -O2  conftest.c >&5
conftest.c: In function 'main':
conftest.c:66:53: warning: integer overflow in expression [-Woverflow]
    < (int32_t) (((((int32_t) 1 << N) << N) - 1) * 2 + 2))];
                                                     ^
conftest.c:65:12: error: storage size of 'test_array' isn't constant
 static int test_array [1 - 2 * !((int32_t) (((((int32_t) 1 << N) << N) - 1) * 2 + 1)
            ^
configure:4605: $? = 1
configure: failed program was:
| /* confdefs.h */
| #define PACKAGE_NAME "widae"
| #define PACKAGE_TARNAME "widae"
| #define PACKAGE_VERSION "1.0"
| #define PACKAGE_STRING "widae 1.0"
| #define PACKAGE_BUGREPORT "lb.widae@gmail.com"
| #define PACKAGE_URL ""
| #define PACKAGE "widae"
| #define VERSION "1.0"
| #define STDC_HEADERS 1
| #define HAVE_SYS_TYPES_H 1
| #define HAVE_SYS_STAT_H 1
| #define HAVE_STDLIB_H 1
| #define HAVE_STRING_H 1
| #define HAVE_MEMORY_H 1
| #define HAVE_STRINGS_H 1
| #define HAVE_INTTYPES_H 1
| #define HAVE_STDINT_H 1
| #define HAVE_UNISTD_H 1
| #define HAVE_ALLOCA_H 1
| #define HAVE_ALLOCA 1
| #define HAVE_INTTYPES_H 1
| #define HAVE_STDDEF_H 1
| #define HAVE_STDLIB_H 1
| #define HAVE_STRING_H 1
| #define HAVE_UNISTD_H 1
| /* end confdefs.h.  */
| #include <stdio.h>
| #ifdef HAVE_SYS_TYPES_H
| # include <sys/types.h>
| #endif
| #ifdef HAVE_SYS_STAT_H
| # include <sys/stat.h>
| #endif
| #ifdef STDC_HEADERS
| # include <stdlib.h>
| # include <stddef.h>
| #else
| # ifdef HAVE_STDLIB_H
| #  include <stdlib.h>
| # endif
| #endif
| #ifdef HAVE_STRING_H
| # if !defined STDC_HEADERS && defined HAVE_MEMORY_H
| #  include <memory.h>
| # endif
| # include <string.h>
| #endif
| #ifdef HAVE_STRINGS_H
| # include <strings.h>
| #endif
| #ifdef HAVE_INTTYPES_H
| # include <inttypes.h>
| #endif
| #ifdef HAVE_STDINT_H
| # include <stdint.h>
| #endif
| #ifdef HAVE_UNISTD_H
| # include <unistd.h>
| #endif
| 	        enum { N = 32 / 2 - 1 };
| int
| main ()
| {
| static int test_array [1 - 2 * !((int32_t) (((((int32_t) 1 << N) << N) - 1) * 2 + 1)
| 		 < (int32_t) (((((int32_t) 1 << N) << N) - 1) * 2 + 2))];
| test_array [0] = 0;
| return test_array [0];
| 
|   ;
|   return 0;
| }
configure:4605: result: yes
configure:4616: checking for int8_t
configure:4616: gcc -c -g -O2  conftest.c >&5
configure:4616: $? = 0
configure:4616: gcc -c -g -O2  conftest.c >&5
conftest.c: In function 'main':
conftest.c:65:12: error: size of array 'test_array' is negative
 static int test_array [1 - 2 * !((int8_t) (((((int8_t) 1 << N) << N) - 1) * 2 + 1)
            ^
configure:4616: $? = 1
configure: failed program was:
| /* confdefs.h */
| #define PACKAGE_NAME "widae"
| #define PACKAGE_TARNAME "widae"
| #define PACKAGE_VERSION "1.0"
| #define PACKAGE_STRING "widae 1.0"
| #define PACKAGE_BUGREPORT "lb.widae@gmail.com"
| #define PACKAGE_URL ""
| #define PACKAGE "widae"
| #define VERSION "1.0"
| #define STDC_HEADERS 1
| #define HAVE_SYS_TYPES_H 1
| #define HAVE_SYS_STAT_H 1
| #define HAVE_STDLIB_H 1
| #define HAVE_STRING_H 1
| #define HAVE_MEMORY_H 1
| #define HAVE_STRINGS_H 1
| #define HAVE_INTTYPES_H 1
| #define HAVE_STDINT_H 1
| #define HAVE_UNISTD_H 1
| #define HAVE_ALLOCA_H 1
| #define HAVE_ALLOCA 1
| #define HAVE_INTTYPES_H 1
| #define HAVE_STDDEF_H 1
| #define HAVE_STDLIB_H 1
| #define HAVE_STRING_H 1
| #define HAVE_UNISTD_H 1
| /* end confdefs.h.  */
| #include <stdio.h>
| #ifdef HAVE_SYS_TYPES_H
| # include <sys/types.h>
| #endif
| #ifdef HAVE_SYS_STAT_H
| # include <sys/stat.h>
| #endif
| #ifdef STDC_HEADERS
| # include <stdlib.h>
| # include <stddef.h>
| #else
| # ifdef HAVE_STDLIB_H
| #  include <stdlib.h>
| # endif
| #endif
| #ifdef HAVE_STRING_H
| # if !defined STDC_HEADERS && defined HAVE_MEMORY_H
| #  include <memory.h>
| # endif
| # include <string.h>
| #endif
| #ifdef HAVE_STRINGS_H
| # include <strings.h>
| #endif
| #ifdef HAVE_INTTYPES_H
| # include <inttypes.h>
| #endif
| #ifdef HAVE_STDINT_H
| # include <stdint.h>
| #endif
| #ifdef HAVE_UNISTD_H
| # include <unistd.h>
| #endif
| 	        enum { N = 8 / 2 - 1 };
| int
| main ()
| {
| static int test_array [1 - 2 * !((int8_t) (((((int8_t) 1 << N) << N) - 1) * 2 + 1)
| 		 < (int8_t) (((((int8_t) 1 << N) << N) - 1) * 2 + 2))];
| test_array [0] = 0;
| return test_array [0];
| 
|   ;
|   return 0;
| }
configure:4616: result: yes
configure:4627: checking for size_t
configure:4627: result: yes
configure:4638: checking for uint16_t
configure:4638: gcc -c -g -O2  conftest.c >&5
configure:4638: $? = 0
configure:4638: result: yes
configure:4650: checking for uint32_t
configure:4650: gcc -c -g -O2  conftest.c >&5
configure:4650: $? = 0
configure:4650: result: yes
configure:4664: checking for uint8_t
configure:4664: gcc -c -g -O2  conftest.c >&5
configure:4664: $? = 0
configure:4664: result: yes
configure:4682: checking for stdlib.h
configure:4682: result: yes
configure:4692: checking for GNU libc compatible malloc
configure:4716: gcc -o conftest -g -O2   conftest.c  >&5
configure:4716: $? = 0
configure:4716: ./conftest
configure:4716: $? = 0
configure:4726: result: yes
configure:4749: checking for stdlib.h
configure:4749: result: yes
configure:4759: checking for GNU libc compatible realloc
configure:4783: gcc -o conftest -g -O2   conftest.c  >&5
configure:4783: $? = 0
configure:4783: ./conftest
configure:4783: $? = 0
configure:4793: result: yes
configure:4816: checking for memset
configure:4816: gcc -o conftest -g -O2   conftest.c  >&5
conftest.c:55:6: warning: conflicting types for built-in function 'memset' [enabled by default]
 char memset ();
      ^
configure:4816: $? = 0
configure:4816: result: yes
configure:4937: checking that generated files are newer than configure
configure:4943: result: done
configure:4966: creating ./config.status

## ---------------------- ##
## Running config.status. ##
## ---------------------- ##

This file was extended by widae config.status 1.0, which was
generated by GNU Autoconf 2.69.  Invocation command line was

  CONFIG_FILES    = 
  CONFIG_HEADERS  = 
  CONFIG_LINKS    = 
  CONFIG_COMMANDS = 
  $ ./config.status 

on master

config.status:865: creating Makefile
config.status:865: creating config.h
config.status:1046: config.h is unchanged
config.status:1094: executing depfiles commands

## ---------------- ##
## Cache variables. ##
## ---------------- ##

ac_cv_c_compiler_gnu=yes
ac_cv_c_int16_t=yes
ac_cv_c_int32_t=yes
ac_cv_c_int8_t=yes
ac_cv_c_uint16_t=yes
ac_cv_c_uint32_t=yes
ac_cv_c_uint8_t=yes
ac_cv_env_CC_set=
ac_cv_env_CC_value=
ac_cv_env_CFLAGS_set=
ac_cv_env_CFLAGS_value=
ac_cv_env_CPPFLAGS_set=
ac_cv_env_CPPFLAGS_value=
ac_cv_env_CPP_set=
ac_cv_env_CPP_value=
ac_cv_env_LDFLAGS_set=
ac_cv_env_LDFLAGS_value=
ac_cv_env_LIBS_set=
ac_cv_env_LIBS_value=
ac_cv_env_build_alias_set=
ac_cv_env_build_alias_value=
ac_cv_env_host_alias_set=
ac_cv_env_host_alias_value=
ac_cv_env_target_alias_set=
ac_cv_env_target_alias_value=
ac_cv_func_alloca_works=yes
ac_cv_func_malloc_0_nonnull=yes
ac_cv_func_memset=yes
ac_cv_func_realloc_0_nonnull=yes
ac_cv_header_inttypes_h=yes
ac_cv_header_memory_h=yes
ac_cv_header_stdc=yes
ac_cv_header_stddef_h=yes
ac_cv_header_stdint_h=yes
ac_cv_header_stdlib_h=yes
ac_cv_header_string_h=yes
ac_cv_header_strings_h=yes
ac_cv_header_sys_stat_h=yes
ac_cv_header_sys_types_h=yes
ac_cv_header_unistd_h=yes
ac_cv_objext=o
ac_cv_path_EGREP='/bin/grep -E'
ac_cv_path_GREP=/bin/grep
ac_cv_path_install='/usr/bin/install -c'
ac_cv_path_mkdir=/bin/mkdir
ac_cv_prog_AWK=mawk
ac_cv_prog_CPP='gcc -E'
ac_cv_prog_ac_ct_CC=gcc
ac_cv_prog_cc_c89=
ac_cv_prog_cc_g=yes
ac_cv_prog_make_make_set=yes
ac_cv_type_size_t=yes
ac_cv_working_alloca_h=yes
am_cv_CC_dependencies_compiler_type=gcc3
am_cv_make_support_nested_variables=yes
am_cv_prog_cc_c_o=yes

## ----------------- ##
## Output variables. ##
## ----------------- ##

ACLOCAL='${SHELL} /home/hduser/C-parser/missing aclocal-1.14'
ALLOCA=''
AMDEPBACKSLASH='\'
AMDEP_FALSE='#'
AMDEP_TRUE=''
AMTAR='$${TAR-tar}'
AM_BACKSLASH='\'
AM_DEFAULT_V='$(AM_DEFAULT_VERBOSITY)'
AM_DEFAULT_VERBOSITY='1'
AM_V='$(V)'
AUTOCONF='${SHELL} /home/hduser/C-parser/missing autoconf'
AUTOHEADER='${SHELL} /home/hduser/C-parser/missing autoheader'
AUTOMAKE='${SHELL} /home/hduser/C-parser/missing automake-1.14'
AWK='mawk'
CC='gcc'
CCDEPMODE='depmode=gcc3'
CFLAGS='-g -O2'
CPP='gcc -E'
CPPFLAGS=''
CYGPATH_W='echo'
DEFS='-DHAVE_CONFIG_H'
DEPDIR='.deps'
ECHO_C=''
ECHO_N='-n'
ECHO_T=''
EGREP='/bin/grep -E'
EXEEXT=''
GREP='/bin/grep'
INSTALL_DATA='${INSTALL} -m 644'
INSTALL_PROGRAM='${INSTALL}'
INSTALL_SCRIPT='${INSTALL}'
INSTALL_STRIP_PROGRAM='$(install_sh) -c -s'
LDFLAGS=''
LIBOBJS=''
LIBS=''
LTLIBOBJS=''
MAKEINFO='${SHELL} /home/hduser/C-parser/missing makeinfo'
MKDIR_P='/bin/mkdir -p'
OBJEXT='o'
PACKAGE='widae'
PACKAGE_BUGREPORT='lb.widae@gmail.com'
PACKAGE_NAME='widae'
PACKAGE_STRING='widae 1.0'
PACKAGE_TARNAME='widae'
PACKAGE_URL=''
PACKAGE_VERSION='1.0'
PATH_SEPARATOR=':'
SET_MAKE=''
SHELL='/bin/bash'
STRIP=''
VERSION='1.0'
ac_ct_CC='gcc'
am__EXEEXT_FALSE=''
am__EXEEXT_TRUE='#'
am__fastdepCC_FALSE='#'
am__fastdepCC_TRUE=''
am__include='include'
am__isrc=''
am__leading_dot='.'
am__nodep='_no'
am__quote=''
am__tar='$${TAR-tar} chof - "$$tardir"'
am__untar='$${TAR-tar} xf -'
bindir='${exec_prefix}/bin'
build_alias=''
datadir='${datarootdir}'
datarootdir='${prefix}/share'
docdir='${datarootdir}/doc/${PACKAGE_TARNAME}'
dvidir='${docdir}'
exec_prefix='${prefix}'
host_alias=''
htmldir='${docdir}'
includedir='${prefix}/include'
infodir='${datarootdir}/info'
install_sh='${SHELL} /home/hduser/C-parser/install-sh'
libdir='${exec_prefix}/lib'
libexecdir='${exec_prefix}/libexec'
localedir='${datarootdir}/locale'
localstatedir='${prefix}/var'
mandir='${datarootdir}/man'
mkdir_p='$(MKDIR_P)'
oldincludedir='/usr/include'
pdfdir='${docdir}'
prefix='/usr/local'
program_transform_name='s,x,x,'
psdir='${docdir}'
sbindir='${exec_prefix}/sbin'
sharedstatedir='${prefix}/com'
sysconfdir='${prefix}/etc'
target_alias=''

## ----------- ##
## confdefs.h. ##
## ----------- ##

/* confdefs.h */
#define PACKAGE_NAME "widae"
#define PACKAGE_TARNAME "widae"
#define PACKAGE_VERSION "1.0"
#define PACKAGE_STRING "widae 1.0"
#define PACKAGE_BUGREPORT "lb.widae@gmail.com"
#define PACKAGE_URL ""
#define PACKAGE "widae"
#define VERSION "1.0"
#define STDC_HEADERS 1
#define HAVE_SYS_TYPES_H 1
#define HAVE_SYS_STAT_H 1
#define HAVE_STDLIB_H 1
#define HAVE_STRING_H 1
#define HAVE_MEMORY_H 1
#define HAVE_STRINGS_H 1
#define HAVE_INTTYPES_H 1
#define HAVE_STDINT_H 1
#define HAVE_UNISTD_H 1
#define HAVE_ALLOCA_H 1
#define HAVE_ALLOCA 1
#define HAVE_INTTYPES_H 1
#define HAVE_STDDEF_H 1
#define HAVE_STDLIB_H 1
#define HAVE_STRING_H 1
#define HAVE_UNISTD_H 1
#define HAVE_STDLIB_H 1
#define HAVE_MALLOC 1
#define HAVE_STDLIB_H 1
#define HAVE_REALLOC 1
#define HAVE_MEMSET 1

configure: exit 0
